10/06/21 10:27:02 v1.34.5 @ DESKTOP-N11OLAE, 
10/06/21 10:27:02 v1.34.5 @ DESKTOP-N11OLAE, ****************************
10/06/21 10:27:02 v1.34.5 @ DESKTOP-N11OLAE, Starting factorization of 87924348264132406875276140514499937145050893665602592992418171647042491658461
10/06/21 10:27:02 v1.34.5 @ DESKTOP-N11OLAE, using pretesting plan: normal
10/06/21 10:27:02 v1.34.5 @ DESKTOP-N11OLAE, no tune info: using qs/gnfs crossover of 95 digits
10/06/21 10:27:02 v1.34.5 @ DESKTOP-N11OLAE, ****************************
10/06/21 10:27:02 v1.34.5 @ DESKTOP-N11OLAE, starting SIQS on c77: 87924348264132406875276140514499937145050893665602592992418171647042491658461
10/06/21 10:27:02 v1.34.5 @ DESKTOP-N11OLAE, random seeds: 1310381480, 3883688584
10/06/21 10:27:02 v1.34.5 @ DESKTOP-N11OLAE, ==== sieve params ====
10/06/21 10:27:02 v1.34.5 @ DESKTOP-N11OLAE, n = 77 digits, 256 bits
10/06/21 10:27:02 v1.34.5 @ DESKTOP-N11OLAE, factor base: 36160 primes (max prime = 919693)
10/06/21 10:27:02 v1.34.5 @ DESKTOP-N11OLAE, single large prime cutoff: 78173905 (85 * pmax)
10/06/21 10:27:02 v1.34.5 @ DESKTOP-N11OLAE, allocating 6 large prime slices of factor base
10/06/21 10:27:02 v1.34.5 @ DESKTOP-N11OLAE, buckets hold 2048 elements
10/06/21 10:27:02 v1.34.5 @ DESKTOP-N11OLAE, using 32k sieve core
10/06/21 10:27:02 v1.34.5 @ DESKTOP-N11OLAE, sieve interval: 10 blocks of size 32768
10/06/21 10:27:02 v1.34.5 @ DESKTOP-N11OLAE, polynomial A has ~ 10 factors
10/06/21 10:27:02 v1.34.5 @ DESKTOP-N11OLAE, using multiplier of 1
10/06/21 10:27:02 v1.34.5 @ DESKTOP-N11OLAE, using SPV correction of 19 bits, starting at offset 27
10/06/21 10:27:02 v1.34.5 @ DESKTOP-N11OLAE, using SSE2 for trial division and x64 sieve scanning
10/06/21 10:27:02 v1.34.5 @ DESKTOP-N11OLAE, using SSE4.1 enabled 32k sieve core
10/06/21 10:27:02 v1.34.5 @ DESKTOP-N11OLAE, using SSE2 for resieving 13-16 bit primes
10/06/21 10:27:02 v1.34.5 @ DESKTOP-N11OLAE, trial factoring cutoff at 91 bits
10/06/21 10:27:02 v1.34.5 @ DESKTOP-N11OLAE, ==== sieving started (1 thread) ====
10/06/21 10:27:44 v1.34.5 @ DESKTOP-N11OLAE, trial division touched 1017270 sieve locations out of 19213844480
10/06/21 10:27:44 v1.34.5 @ DESKTOP-N11OLAE, 36334 relations found: 17844 full + 18490 from 193747 partial, using 29318 polys (121 A polys)
10/06/21 10:27:44 v1.34.5 @ DESKTOP-N11OLAE, on average, sieving found 7.22 rels/poly and 5054.07 rels/sec
10/06/21 10:27:44 v1.34.5 @ DESKTOP-N11OLAE, trial division touched 1017270 sieve locations out of 19213844480
10/06/21 10:27:44 v1.34.5 @ DESKTOP-N11OLAE, ==== post processing stage (msieve-1.38) ====
10/06/21 10:27:44 v1.34.5 @ DESKTOP-N11OLAE, begin with 211590 relations
10/06/21 10:27:44 v1.34.5 @ DESKTOP-N11OLAE, reduce to 52485 relations in 2 passes
10/06/21 10:27:44 v1.34.5 @ DESKTOP-N11OLAE, recovered 52485 relations
10/06/21 10:27:44 v1.34.5 @ DESKTOP-N11OLAE, recovered 39259 polynomials
10/06/21 10:27:44 v1.34.5 @ DESKTOP-N11OLAE, freed 19 duplicate relations
10/06/21 10:27:44 v1.34.5 @ DESKTOP-N11OLAE, attempting to build 36314 cycles
10/06/21 10:27:44 v1.34.5 @ DESKTOP-N11OLAE, found 36314 cycles in 1 passes
10/06/21 10:27:44 v1.34.5 @ DESKTOP-N11OLAE, distribution of cycle lengths:
10/06/21 10:27:44 v1.34.5 @ DESKTOP-N11OLAE,    length 1 : 17841
10/06/21 10:27:44 v1.34.5 @ DESKTOP-N11OLAE,    length 2 : 18473
10/06/21 10:27:44 v1.34.5 @ DESKTOP-N11OLAE, largest cycle: 2 relations
10/06/21 10:27:44 v1.34.5 @ DESKTOP-N11OLAE, matrix is 36160 x 36314 (5.1 MB) with weight 1042165 (28.70/col)
10/06/21 10:27:44 v1.34.5 @ DESKTOP-N11OLAE, sparse part has weight 1042165 (28.70/col)
10/06/21 10:27:44 v1.34.5 @ DESKTOP-N11OLAE, filtering completed in 3 passes
10/06/21 10:27:44 v1.34.5 @ DESKTOP-N11OLAE, matrix is 26549 x 26611 (4.1 MB) with weight 858401 (32.26/col)
10/06/21 10:27:44 v1.34.5 @ DESKTOP-N11OLAE, sparse part has weight 858401 (32.26/col)
10/06/21 10:27:44 v1.34.5 @ DESKTOP-N11OLAE, saving the first 48 matrix rows for later
10/06/21 10:27:44 v1.34.5 @ DESKTOP-N11OLAE, matrix is 26501 x 26611 (3.4 MB) with weight 709627 (26.67/col)
10/06/21 10:27:44 v1.34.5 @ DESKTOP-N11OLAE, sparse part has weight 629639 (23.66/col)
10/06/21 10:27:44 v1.34.5 @ DESKTOP-N11OLAE, matrix includes 64 packed rows
10/06/21 10:27:44 v1.34.5 @ DESKTOP-N11OLAE, using block size 10644 for processor cache size 6144 kB
10/06/21 10:27:44 v1.34.5 @ DESKTOP-N11OLAE, commencing Lanczos iteration
10/06/21 10:27:44 v1.34.5 @ DESKTOP-N11OLAE, memory use: 3.1 MB
10/06/21 10:27:45 v1.34.5 @ DESKTOP-N11OLAE, lanczos halted after 421 iterations (dim = 26495)
10/06/21 10:27:45 v1.34.5 @ DESKTOP-N11OLAE, recovered 14 nontrivial dependencies
10/06/21 10:27:45 v1.34.5 @ DESKTOP-N11OLAE, prp39 = 275127860351348928173285174381581152299
10/06/21 10:27:45 v1.34.5 @ DESKTOP-N11OLAE, prp39 = 319576316814478949870590164193048041239
10/06/21 10:27:45 v1.34.5 @ DESKTOP-N11OLAE, Lanczos elapsed time = 1.7530 seconds.
10/06/21 10:27:45 v1.34.5 @ DESKTOP-N11OLAE, Sqrt elapsed time = 0.0180 seconds.
10/06/21 10:27:45 v1.34.5 @ DESKTOP-N11OLAE, SIQS elapsed time = 43.6370 seconds.
10/06/21 10:27:45 v1.34.5 @ DESKTOP-N11OLAE, 
10/06/21 10:27:45 v1.34.5 @ DESKTOP-N11OLAE, 
10/06/21 10:27:45 v1.34.5 @ DESKTOP-N11OLAE, Total factoring time = 43.6639 seconds
10/14/21 09:17:04 v1.34.5 @ DESKTOP-N11OLAE, 
10/14/21 09:17:04 v1.34.5 @ DESKTOP-N11OLAE, ****************************
10/14/21 09:17:04 v1.34.5 @ DESKTOP-N11OLAE, Starting factorization of 23634913445809282978107429608109376280312957805087833166761761736448127332322544544180655621640993321126180344381033759629919292242216688403824556346211262862844503317927116496256985225220743188542738292719181135227426411267143352809539974395814680045181864493565635496750374769821960180875825020389464207903351390479790458201788089445730415753964606908641218134131030890251505454599962562151295119556050021395673686062783311097963440518479341313060555887619462660286343185469451620900783175638258607118013549328013521753032894121750538733921491617898543469776035570351276557818838304774464669776122619410305256849157
10/14/21 09:17:04 v1.34.5 @ DESKTOP-N11OLAE, using pretesting plan: normal
10/14/21 09:17:04 v1.34.5 @ DESKTOP-N11OLAE, no tune info: using qs/gnfs crossover of 95 digits
10/14/21 09:17:04 v1.34.5 @ DESKTOP-N11OLAE, ****************************
10/14/21 09:17:04 v1.34.5 @ DESKTOP-N11OLAE, rho: x^2 + 3, starting 1000 iterations on C617
10/14/21 09:17:04 v1.34.5 @ DESKTOP-N11OLAE, rho: x^2 + 2, starting 1000 iterations on C617
10/14/21 09:17:04 v1.34.5 @ DESKTOP-N11OLAE, rho: x^2 + 1, starting 1000 iterations on C617
10/14/21 09:17:04 v1.34.5 @ DESKTOP-N11OLAE, pm1: starting B1 = 150K, B2 = gmp-ecm default on C617
10/14/21 09:17:09 v1.34.5 @ DESKTOP-N11OLAE, 
10/14/21 09:17:09 v1.34.5 @ DESKTOP-N11OLAE, ****************************
10/14/21 09:17:09 v1.34.5 @ DESKTOP-N11OLAE, Starting factorization of 23634913445809282978107429608109376280312957805087833166761761736448127332322544544180655621640993321126180344381033759629919292242216688403824556346211262862844503317927116496256985225220743188542738292719181135227426411267143352809539974395814680045181864493565635496750374769821960180875825020389464207903351390479790458201788089445730415753964606908641218134131030890251505454599962562151295119556050021395673686062783311097963440518479341313060555887619462660286343185469451620900783175638258607118013549328013521753032894121750538733921491617898543469776035570351276557818838304774464669776122619410305256849157
10/14/21 09:17:09 v1.34.5 @ DESKTOP-N11OLAE, using pretesting plan: normal
10/14/21 09:17:09 v1.34.5 @ DESKTOP-N11OLAE, no tune info: using qs/gnfs crossover of 95 digits
10/14/21 09:17:09 v1.34.5 @ DESKTOP-N11OLAE, ****************************
10/14/21 09:17:09 v1.34.5 @ DESKTOP-N11OLAE, rho: x^2 + 3, starting 1000 iterations on C617
10/14/21 09:17:09 v1.34.5 @ DESKTOP-N11OLAE, rho: x^2 + 2, starting 1000 iterations on C617
10/14/21 09:17:09 v1.34.5 @ DESKTOP-N11OLAE, rho: x^2 + 1, starting 1000 iterations on C617
10/14/21 09:17:09 v1.34.5 @ DESKTOP-N11OLAE, pm1: starting B1 = 150K, B2 = gmp-ecm default on C617
10/21/21 21:15:13 v1.34.5 @ DESKTOP-N11OLAE, 
10/21/21 21:15:13 v1.34.5 @ DESKTOP-N11OLAE, ****************************
10/21/21 21:15:13 v1.34.5 @ DESKTOP-N11OLAE, Starting factorization of 49
10/21/21 21:15:13 v1.34.5 @ DESKTOP-N11OLAE, using pretesting plan: normal
10/21/21 21:15:13 v1.34.5 @ DESKTOP-N11OLAE, no tune info: using qs/gnfs crossover of 95 digits
10/21/21 21:15:13 v1.34.5 @ DESKTOP-N11OLAE, ****************************
10/21/21 21:15:13 v1.34.5 @ DESKTOP-N11OLAE, prp1 = 7
10/21/21 21:15:13 v1.34.5 @ DESKTOP-N11OLAE, prp1 = 7
10/21/21 21:15:13 v1.34.5 @ DESKTOP-N11OLAE, input is a perfect power
10/21/21 21:15:13 v1.34.5 @ DESKTOP-N11OLAE, prp1 = 7
10/21/21 21:15:13 v1.34.5 @ DESKTOP-N11OLAE, prp1 = 7
10/21/21 21:15:45 v1.34.5 @ DESKTOP-N11OLAE, 
10/21/21 21:15:45 v1.34.5 @ DESKTOP-N11OLAE, ****************************
10/21/21 21:15:45 v1.34.5 @ DESKTOP-N11OLAE, Starting factorization of 49
10/21/21 21:15:45 v1.34.5 @ DESKTOP-N11OLAE, using pretesting plan: normal
10/21/21 21:15:45 v1.34.5 @ DESKTOP-N11OLAE, no tune info: using qs/gnfs crossover of 95 digits
10/21/21 21:15:45 v1.34.5 @ DESKTOP-N11OLAE, ****************************
10/21/21 21:15:45 v1.34.5 @ DESKTOP-N11OLAE, prp1 = 7
10/21/21 21:15:45 v1.34.5 @ DESKTOP-N11OLAE, prp1 = 7
10/21/21 21:15:45 v1.34.5 @ DESKTOP-N11OLAE, input is a perfect power
10/21/21 21:15:45 v1.34.5 @ DESKTOP-N11OLAE, prp1 = 7
10/21/21 21:15:45 v1.34.5 @ DESKTOP-N11OLAE, prp1 = 7
10/21/21 21:19:46 v1.34.5 @ DESKTOP-N11OLAE, 
10/21/21 21:19:46 v1.34.5 @ DESKTOP-N11OLAE, ****************************
10/21/21 21:19:46 v1.34.5 @ DESKTOP-N11OLAE, Starting factorization of 12627644643778588563638920097915399454513514338804142285365906525498881036764131263143503359846189659273574532609463345820199502529021505655249992763681092637840409087205147095497477412031460598408163901210084467516709264700724398765301043908384308244747517893224665577128486689416162459250095126318456522046726204794830519283112518017007468770465828497144764208737754275011224549145753948172880930824906241704072415618131966725150546352452195727712056875106693907690990407658130836472884891082069644890044024145259903993177177196801509187283280149791400422260709944706691099262186583269852628892867781015062638406807
10/21/21 21:19:46 v1.34.5 @ DESKTOP-N11OLAE, using pretesting plan: normal
10/21/21 21:19:46 v1.34.5 @ DESKTOP-N11OLAE, no tune info: using qs/gnfs crossover of 95 digits
10/21/21 21:19:46 v1.34.5 @ DESKTOP-N11OLAE, ****************************
10/21/21 21:19:46 v1.34.5 @ DESKTOP-N11OLAE, Fermat method found factors:
10/21/21 21:19:50 v1.34.5 @ DESKTOP-N11OLAE, prp309 = 112372793165332455233644051831703093065233917285171435667727396467617869514267375433546885241603527682450490525106056020927668059639131922631965832681267028908272712604839741417231722918220018271377173404939261706593582911881852334650278053606220270970895872789340580971511712537114765669110273199402053063417
10/21/21 21:19:55 v1.34.5 @ DESKTOP-N11OLAE, prp309 = 112372793165332455233644051831703093065233917285171435667727396467617869514267375433546885241603527682450490525106056020927668059639131922631965832681267028908272712604839741417231722918220018271377173404939261706593582911881852334650278053606220270970895872789340580971511712537114765669110273199402053062671
10/21/21 21:19:55 v1.34.5 @ DESKTOP-N11OLAE, Total factoring time = 9.3322 seconds
07/10/22 09:16:12 v1.34.5 @ DESKTOP-K0UF79N, 
07/10/22 09:16:12 v1.34.5 @ DESKTOP-K0UF79N, ****************************
07/10/22 09:16:12 v1.34.5 @ DESKTOP-K0UF79N, Starting factorization of 52419317100235286358057114349639882093779997394202082664044401328860087685103
07/10/22 09:16:12 v1.34.5 @ DESKTOP-K0UF79N, using pretesting plan: normal
07/10/22 09:16:12 v1.34.5 @ DESKTOP-K0UF79N, no tune info: using qs/gnfs crossover of 95 digits
07/10/22 09:16:12 v1.34.5 @ DESKTOP-K0UF79N, ****************************
07/10/22 09:16:12 v1.34.5 @ DESKTOP-K0UF79N, rho: x^2 + 3, starting 1000 iterations on C77
07/10/22 09:16:12 v1.34.5 @ DESKTOP-K0UF79N, rho: x^2 + 2, starting 1000 iterations on C77
07/10/22 09:16:12 v1.34.5 @ DESKTOP-K0UF79N, rho: x^2 + 1, starting 1000 iterations on C77
07/10/22 09:16:12 v1.34.5 @ DESKTOP-K0UF79N, pm1: starting B1 = 150K, B2 = gmp-ecm default on C77
07/10/22 09:16:12 v1.34.5 @ DESKTOP-K0UF79N, current ECM pretesting depth: 0.00
07/10/22 09:16:12 v1.34.5 @ DESKTOP-K0UF79N, scheduled 30 curves at B1=2000 toward target pretesting depth of 23.69
07/10/22 09:16:12 v1.34.5 @ DESKTOP-K0UF79N, Finished 30 curves using Lenstra ECM method on C77 input, B1=2K, B2=gmp-ecm default
07/10/22 09:16:12 v1.34.5 @ DESKTOP-K0UF79N, current ECM pretesting depth: 15.18
07/10/22 09:16:12 v1.34.5 @ DESKTOP-K0UF79N, scheduled 74 curves at B1=11000 toward target pretesting depth of 23.69
07/10/22 09:16:14 v1.34.5 @ DESKTOP-K0UF79N, Finished 74 curves using Lenstra ECM method on C77 input, B1=11K, B2=gmp-ecm default
07/10/22 09:16:14 v1.34.5 @ DESKTOP-K0UF79N, current ECM pretesting depth: 20.24
07/10/22 09:16:14 v1.34.5 @ DESKTOP-K0UF79N, scheduled 149 curves at B1=50000 toward target pretesting depth of 23.69
07/10/22 09:16:29 v1.34.5 @ DESKTOP-K0UF79N, Finished 149 curves using Lenstra ECM method on C77 input, B1=50K, B2=gmp-ecm default
07/10/22 09:16:29 v1.34.5 @ DESKTOP-K0UF79N, final ECM pretested depth: 23.72
07/10/22 09:16:29 v1.34.5 @ DESKTOP-K0UF79N, scheduler: switching to sieve method
07/10/22 09:16:29 v1.34.5 @ DESKTOP-K0UF79N, starting SIQS on c77: 52419317100235286358057114349639882093779997394202082664044401328860087685103
07/10/22 09:16:29 v1.34.5 @ DESKTOP-K0UF79N, random seeds: 2098364762, 847092460
07/10/22 09:16:29 v1.34.5 @ DESKTOP-K0UF79N, ==== sieve params ====
07/10/22 09:16:29 v1.34.5 @ DESKTOP-K0UF79N, n = 79 digits, 260 bits
07/10/22 09:16:29 v1.34.5 @ DESKTOP-K0UF79N, factor base: 34944 primes (max prime = 882967)
07/10/22 09:16:29 v1.34.5 @ DESKTOP-K0UF79N, single large prime cutoff: 75052195 (85 * pmax)
07/10/22 09:16:29 v1.34.5 @ DESKTOP-K0UF79N, allocating 7 large prime slices of factor base
07/10/22 09:16:29 v1.34.5 @ DESKTOP-K0UF79N, buckets hold 2048 elements
07/10/22 09:16:29 v1.34.5 @ DESKTOP-K0UF79N, using 32k sieve core
07/10/22 09:16:29 v1.34.5 @ DESKTOP-K0UF79N, sieve interval: 10 blocks of size 32768
07/10/22 09:16:29 v1.34.5 @ DESKTOP-K0UF79N, polynomial A has ~ 10 factors
07/10/22 09:16:29 v1.34.5 @ DESKTOP-K0UF79N, using multiplier of 23
07/10/22 09:16:29 v1.34.5 @ DESKTOP-K0UF79N, using SPV correction of 22 bits, starting at offset 41
07/10/22 09:16:29 v1.34.5 @ DESKTOP-K0UF79N, using SSE2 for trial division and x64 sieve scanning
07/10/22 09:16:29 v1.34.5 @ DESKTOP-K0UF79N, using SSE4.1 enabled 32k sieve core
07/10/22 09:16:29 v1.34.5 @ DESKTOP-K0UF79N, using SSE2 for resieving 13-16 bit primes
07/10/22 09:16:29 v1.34.5 @ DESKTOP-K0UF79N, trial factoring cutoff at 88 bits
07/10/22 09:16:29 v1.34.5 @ DESKTOP-K0UF79N, ==== sieving started (1 thread) ====
07/10/22 09:17:42 v1.34.5 @ DESKTOP-K0UF79N, trial division touched 2772831 sieve locations out of 38771097600
07/10/22 09:17:42 v1.34.5 @ DESKTOP-K0UF79N, 35097 relations found: 18700 full + 16397 from 175644 partial, using 59160 polys (231 A polys)
07/10/22 09:17:42 v1.34.5 @ DESKTOP-K0UF79N, on average, sieving found 3.29 rels/poly and 2649.37 rels/sec
07/10/22 09:17:42 v1.34.5 @ DESKTOP-K0UF79N, trial division touched 2772831 sieve locations out of 38771097600
07/10/22 09:17:42 v1.34.5 @ DESKTOP-K0UF79N, ==== post processing stage (msieve-1.38) ====
07/10/22 09:17:42 v1.34.5 @ DESKTOP-K0UF79N, begin with 194344 relations
07/10/22 09:17:42 v1.34.5 @ DESKTOP-K0UF79N, reduce to 49461 relations in 2 passes
07/10/22 09:17:42 v1.34.5 @ DESKTOP-K0UF79N, recovered 49461 relations
07/10/22 09:17:42 v1.34.5 @ DESKTOP-K0UF79N, recovered 33472 polynomials
07/10/22 09:17:42 v1.34.5 @ DESKTOP-K0UF79N, freed 10 duplicate relations
07/10/22 09:17:42 v1.34.5 @ DESKTOP-K0UF79N, attempting to build 35087 cycles
07/10/22 09:17:42 v1.34.5 @ DESKTOP-K0UF79N, found 35087 cycles in 1 passes
07/10/22 09:17:42 v1.34.5 @ DESKTOP-K0UF79N, distribution of cycle lengths:
07/10/22 09:17:42 v1.34.5 @ DESKTOP-K0UF79N,    length 1 : 18700
07/10/22 09:17:42 v1.34.5 @ DESKTOP-K0UF79N,    length 2 : 16387
07/10/22 09:17:42 v1.34.5 @ DESKTOP-K0UF79N, largest cycle: 2 relations
07/10/22 09:17:42 v1.34.5 @ DESKTOP-K0UF79N, matrix is 34944 x 35087 (5.0 MB) with weight 1027119 (29.27/col)
07/10/22 09:17:42 v1.34.5 @ DESKTOP-K0UF79N, sparse part has weight 1027119 (29.27/col)
07/10/22 09:17:42 v1.34.5 @ DESKTOP-K0UF79N, filtering completed in 3 passes
07/10/22 09:17:42 v1.34.5 @ DESKTOP-K0UF79N, matrix is 24512 x 24576 (3.9 MB) with weight 814763 (33.15/col)
07/10/22 09:17:42 v1.34.5 @ DESKTOP-K0UF79N, sparse part has weight 814763 (33.15/col)
07/10/22 09:17:42 v1.34.5 @ DESKTOP-K0UF79N, saving the first 48 matrix rows for later
07/10/22 09:17:42 v1.34.5 @ DESKTOP-K0UF79N, matrix is 24464 x 24576 (3.2 MB) with weight 657316 (26.75/col)
07/10/22 09:17:42 v1.34.5 @ DESKTOP-K0UF79N, sparse part has weight 582380 (23.70/col)
07/10/22 09:17:42 v1.34.5 @ DESKTOP-K0UF79N, matrix includes 64 packed rows
07/10/22 09:17:42 v1.34.5 @ DESKTOP-K0UF79N, using block size 9830 for processor cache size 8192 kB
07/10/22 09:17:42 v1.34.5 @ DESKTOP-K0UF79N, commencing Lanczos iteration
07/10/22 09:17:42 v1.34.5 @ DESKTOP-K0UF79N, memory use: 2.9 MB
07/10/22 09:17:43 v1.34.5 @ DESKTOP-K0UF79N, lanczos halted after 388 iterations (dim = 24461)
07/10/22 09:17:43 v1.34.5 @ DESKTOP-K0UF79N, recovered 16 nontrivial dependencies
07/10/22 09:17:43 v1.34.5 @ DESKTOP-K0UF79N, prp39 = 283378097758180413812138939650885549231
07/10/22 09:17:43 v1.34.5 @ DESKTOP-K0UF79N, prp39 = 184980129074643957218827272858529362113
07/10/22 09:17:43 v1.34.5 @ DESKTOP-K0UF79N, Lanczos elapsed time = 1.2800 seconds.
07/10/22 09:17:43 v1.34.5 @ DESKTOP-K0UF79N, Sqrt elapsed time = 0.0650 seconds.
07/10/22 09:17:43 v1.34.5 @ DESKTOP-K0UF79N, SIQS elapsed time = 74.6992 seconds.
07/10/22 09:17:43 v1.34.5 @ DESKTOP-K0UF79N, 
07/10/22 09:17:43 v1.34.5 @ DESKTOP-K0UF79N, 
07/10/22 09:17:43 v1.34.5 @ DESKTOP-K0UF79N, Total factoring time = 91.7001 seconds
