10/06/21 10:27:02 v1.34.5 @ DESKTOP-N11OLAE, System/Build Info: 
Using GMP-ECM 6.3, Powered by GMP 5.1.1
cached 78498 primes. pmax = 999983
detected Intel(R) Core(TM) i5-8250U CPU @ 1.60GHz
detected L1 = 32768 bytes, L2 = 6291456 bytes, CL = 64 bytes
measured cpu frequency ~= 1800.025070
using 20 random witnesses for Rabin-Miller PRP checks

10/06/21 10:27:02 v1.34.5 @ DESKTOP-N11OLAE, New random seeds: 1310381480, 3883688584

10/06/21 10:27:02 v1.34.5 @ DESKTOP-N11OLAE, Processing expression: factor(87924348264132406875276140514499937145050893665602592992418171647042491658461)

10/14/21 09:17:04 v1.34.5 @ DESKTOP-N11OLAE, System/Build Info: 
Using GMP-ECM 6.3, Powered by GMP 5.1.1
cached 78498 primes. pmax = 999983
detected Intel(R) Core(TM) i5-8250U CPU @ 1.60GHz
detected L1 = 32768 bytes, L2 = 6291456 bytes, CL = 64 bytes
measured cpu frequency ~= 1746.836420
using 20 random witnesses for Rabin-Miller PRP checks

10/14/21 09:17:04 v1.34.5 @ DESKTOP-N11OLAE, New random seeds: 3203413509, 3476711096

10/14/21 09:17:04 v1.34.5 @ DESKTOP-N11OLAE, Processing expression: factor(23634913445809282978107429608109376280312957805087833166761761736448127332322544544180655621640993321126180344381033759629919292242216688403824556346211262862844503317927116496256985225220743188542738292719181135227426411267143352809539974395814680045181864493565635496750374769821960180875825020389464207903351390479790458201788089445730415753964606908641218134131030890251505454599962562151295119556050021395673686062783311097963440518479341313060555887619462660286343185469451620900783175638258607118013549328013521753032894121750538733921491617898543469776035570351276557818838304774464669776122619410305256849157)

10/14/21 09:17:09 v1.34.5 @ DESKTOP-N11OLAE, System/Build Info: 
Using GMP-ECM 6.3, Powered by GMP 5.1.1
cached 78498 primes. pmax = 999983
detected Intel(R) Core(TM) i5-8250U CPU @ 1.60GHz
detected L1 = 32768 bytes, L2 = 6291456 bytes, CL = 64 bytes
measured cpu frequency ~= 1703.806810
using 20 random witnesses for Rabin-Miller PRP checks

10/14/21 09:17:09 v1.34.5 @ DESKTOP-N11OLAE, New random seeds: 1805481948, 1162525840

10/14/21 09:17:09 v1.34.5 @ DESKTOP-N11OLAE, Processing expression: factor(23634913445809282978107429608109376280312957805087833166761761736448127332322544544180655621640993321126180344381033759629919292242216688403824556346211262862844503317927116496256985225220743188542738292719181135227426411267143352809539974395814680045181864493565635496750374769821960180875825020389464207903351390479790458201788089445730415753964606908641218134131030890251505454599962562151295119556050021395673686062783311097963440518479341313060555887619462660286343185469451620900783175638258607118013549328013521753032894121750538733921491617898543469776035570351276557818838304774464669776122619410305256849157)

10/21/21 21:15:13 v1.34.5 @ DESKTOP-N11OLAE, System/Build Info: 
Using GMP-ECM 6.3, Powered by GMP 5.1.1
cached 78498 primes. pmax = 999983
detected Intel(R) Core(TM) i5-8250U CPU @ 1.60GHz
detected L1 = 32768 bytes, L2 = 6291456 bytes, CL = 64 bytes
measured cpu frequency ~= 1802.178160
using 20 random witnesses for Rabin-Miller PRP checks

10/21/21 21:15:13 v1.34.5 @ DESKTOP-N11OLAE, New random seeds: 1507905376, 3341275680

10/21/21 21:15:13 v1.34.5 @ DESKTOP-N11OLAE, Processing expression: factor(49)

10/21/21 21:15:45 v1.34.5 @ DESKTOP-N11OLAE, System/Build Info: 
Using GMP-ECM 6.3, Powered by GMP 5.1.1
cached 78498 primes. pmax = 999983
detected Intel(R) Core(TM) i5-8250U CPU @ 1.60GHz
detected L1 = 32768 bytes, L2 = 6291456 bytes, CL = 64 bytes
measured cpu frequency ~= 1812.929200
using 20 random witnesses for Rabin-Miller PRP checks

10/21/21 21:15:45 v1.34.5 @ DESKTOP-N11OLAE, New random seeds: 1785435886, 3123536896

10/21/21 21:15:45 v1.34.5 @ DESKTOP-N11OLAE, Processing expression: factor(49)

10/21/21 21:19:46 v1.34.5 @ DESKTOP-N11OLAE, System/Build Info: 
Using GMP-ECM 6.3, Powered by GMP 5.1.1
cached 78498 primes. pmax = 999983
detected Intel(R) Core(TM) i5-8250U CPU @ 1.60GHz
detected L1 = 32768 bytes, L2 = 6291456 bytes, CL = 64 bytes
measured cpu frequency ~= 1812.542270
using 20 random witnesses for Rabin-Miller PRP checks

10/21/21 21:19:46 v1.34.5 @ DESKTOP-N11OLAE, New random seeds: 3830580812, 1605777188

10/21/21 21:19:46 v1.34.5 @ DESKTOP-N11OLAE, Processing expression: factor(12627644643778588563638920097915399454513514338804142285365906525498881036764131263143503359846189659273574532609463345820199502529021505655249992763681092637840409087205147095497477412031460598408163901210084467516709264700724398765301043908384308244747517893224665577128486689416162459250095126318456522046726204794830519283112518017007468770465828497144764208737754275011224549145753948172880930824906241704072415618131966725150546352452195727712056875106693907690990407658130836472884891082069644890044024145259903993177177196801509187283280149791400422260709944706691099262186583269852628892867781015062638406807)

07/10/22 09:16:12 v1.34.5 @ DESKTOP-K0UF79N, System/Build Info: 
Using GMP-ECM 6.3, Powered by GMP 5.1.1
cached 78498 primes. pmax = 999983
detected         Intel(R) Core(TM) i7-2600 CPU @ 3.40GHz
detected L1 = 32768 bytes, L2 = 8388608 bytes, CL = 64 bytes
measured cpu frequency ~= 3521.808040
using 20 random witnesses for Rabin-Miller PRP checks

07/10/22 09:16:12 v1.34.5 @ DESKTOP-K0UF79N, New random seeds: 2216266594, 3697081544

07/10/22 09:16:12 v1.34.5 @ DESKTOP-K0UF79N, Processing expression: factor(52419317100235286358057114349639882093779997394202082664044401328860087685103)

